{
  "stats": {
    "suites": 1,
    "tests": 1,
    "passes": 1,
    "pending": 0,
    "failures": 0,
    "start": "2020-11-03T12:02:06.371Z",
    "end": "2020-11-03T12:02:06.410Z",
    "duration": 39,
    "testsRegistered": 1,
    "passPercent": 100,
    "pendingPercent": 0,
    "other": 0,
    "hasOther": false,
    "skipped": 0,
    "hasSkipped": false
  },
  "results": [
    {
      "uuid": "2207bc40-ce47-49ad-b858-0e634b0d3213",
      "title": "",
      "fullFile": "",
      "file": "",
      "beforeHooks": [],
      "afterHooks": [],
      "tests": [],
      "suites": [
        {
          "uuid": "17114475-31d8-4092-a2ca-39ee304ec65c",
          "title": "my test suite",
          "fullFile": "C:\\Users\\user280\\Desktop\\React.git\\day8\\React-Redux\\test\\test1.js",
          "file": "\\test\\test1.js",
          "beforeHooks": [],
          "afterHooks": [],
          "tests": [
            {
              "title": "check using chai",
              "fullTitle": "my test suite check using chai",
              "timedOut": false,
              "duration": 10,
              "state": "passed",
              "speed": "fast",
              "pass": true,
              "fail": false,
              "pending": false,
              "context": null,
              "code": "foo.should.be.a('string')\nfoo.should.equal('bar')\nfoo.should.have.length(3)\nbeverages.should.have.property('tea').have.length(3)",
              "err": {},
              "uuid": "3e5d5c29-f313-412e-a3b6-1a776de19ff6",
              "parentUUID": "17114475-31d8-4092-a2ca-39ee304ec65c",
              "isHook": false,
              "skipped": false
            }
          ],
          "suites": [],
          "passes": [
            "3e5d5c29-f313-412e-a3b6-1a776de19ff6"
          ],
          "failures": [],
          "pending": [],
          "skipped": [],
          "duration": 10,
          "root": false,
          "rootEmpty": false,
          "_timeout": 2000
        }
      ],
      "passes": [],
      "failures": [],
      "pending": [],
      "skipped": [],
      "duration": 0,
      "root": true,
      "rootEmpty": true,
      "_timeout": 2000
    }
  ],
  "meta": {
    "mocha": {
      "version": "8.2.1"
    },
    "mochawesome": {
      "options": {
        "quiet": false,
        "reportFilename": "mochawesome",
        "saveHtml": true,
        "saveJson": true,
        "consoleReporter": "spec",
        "useInlineDiffs": false,
        "code": true
      },
      "version": "6.2.1"
    },
    "marge": {
      "options": null,
      "version": "5.1.0"
    }
  }
}